#
# A fatal error has been detected by the Java Runtime Environment:
#
#  SIGSEGV (0xb) at pc=0x00007f57a4429fb2, pid=4884, tid=5306
#
# JRE version: Java(TM) SE Runtime Environment (10.0.1+10) (build 10.0.1+10)
# Java VM: Java HotSpot(TM) 64-Bit Server VM (10.0.1+10, mixed mode, tiered, compressed oops, g1 gc, linux-amd64)
# Problematic frame:
# C  [libjimage.so+0x3fb2]  ImageStrings::find(Endian*, char const*, int*, unsigned int)+0x42
#
# Core dump will be written. Default location: Core dumps may be processed with "/usr/share/apport/apport %p %s %c %d %P" (or dumping to /home/ubuntu/proyectos/spring boot/comercial/core.4884)
#
# If you would like to submit a bug report, please visit:
#   http://bugreport.java.com/bugreport/crash.jsp
#

---------------  S U M M A R Y ------------

Command Line: -agentlib:jdwp=transport=dt_socket,suspend=y,address=localhost:39273 -Dcom.sun.management.jmxremote -Dcom.sun.management.jmxremote.port=34607 -Dcom.sun.management.jmxremote.authenticate=false -Dcom.sun.management.jmxremote.ssl=false -Djava.rmi.server.hostname=localhost -Dspring.liveBeansView.mbeanDomain -Dspring.application.admin.enabled=true -Djava.security.egd=file:/dev/./urandom --add-modules=java.xml.bind --illegal-access=warn --illegal-access=deny -Xverify:none -XX:TieredStopAtLevel=1 -Dfile.encoding=UTF-8 com.adicse.comercial.ComercialApplication

Host: Intel(R) Core(TM) i7-6500U CPU @ 2.50GHz, 4 cores, 7G, Ubuntu 18.04 LTS
Time: Sun Jul  8 09:46:01 2018 -05 elapsed time: 380 seconds (0d 0h 6m 20s)

---------------  T H R E A D  ---------------

Current thread (0x00007f5714006000):  JavaThread "RMI TCP Connection(16)-127.0.0.1" daemon [_thread_in_vm, id=5306, stack(0x00007f5768525000,0x00007f5768626000)]

Stack: [0x00007f5768525000,0x00007f5768626000],  sp=0x00007f576861b040,  free space=984k
Native frames: (J=compiled Java code, A=aot compiled Java code, j=interpreted, Vv=VM code, C=native code)
C  [libjimage.so+0x3fb2]  ImageStrings::find(Endian*, char const*, int*, unsigned int)+0x42
C  [libjimage.so+0x4b8c]  ImageFileReader::find_location_index(char const*, unsigned long long*) const+0x3c
C  [libjimage.so+0x505a]  JIMAGE_FindResource+0xba
V  [libjvm.so+0x5f853e]  ClassPathImageEntry::open_stream(char const*, Thread*)+0x4e
V  [libjvm.so+0x5fb242]  ClassLoader::load_class(Symbol*, bool, Thread*)+0x132
V  [libjvm.so+0xd60a91]  SystemDictionary::load_instance_class(Symbol*, Handle, Thread*)+0x5a1
V  [libjvm.so+0xd61526]  SystemDictionary::resolve_instance_class_or_null(Symbol*, Handle, Handle, Thread*)+0xa06
V  [libjvm.so+0xd62eeb]  SystemDictionary::resolve_or_fail(Symbol*, Handle, Handle, bool, Thread*)+0x4b
V  [libjvm.so+0x69ab7a]  ConstantPool::klass_at_impl(constantPoolHandle const&, int, bool, Thread*)+0x1aa
V  [libjvm.so+0x5704c7]  Runtime1::patch_code(JavaThread*, Runtime1::StubID)+0x1817
V  [libjvm.so+0x57133e]  Runtime1::move_klass_patching(JavaThread*)+0xe
v  ~RuntimeStub::load_klass_patching Runtime1 stub
J 7118 c1 jdk.internal.reflect.UnsafeFieldAccessorFactory.newFieldAccessor(Ljava/lang/reflect/Field;Z)Ljdk/internal/reflect/FieldAccessor; java.base@10.0.1 (676 bytes) @ 0x00007f5786f13ce7 [0x00007f5786f127e0+0x0000000000001507]
J 6139 c1 java.lang.reflect.Field.acquireFieldAccessor(Z)Ljdk/internal/reflect/FieldAccessor; java.base@10.0.1 (59 bytes) @ 0x00007f5786d8c21c [0x00007f5786d8c180+0x000000000000009c]
J 6463 c1 java.lang.reflect.Field.set(Ljava/lang/Object;Ljava/lang/Object;)V java.base@10.0.1 (30 bytes) @ 0x00007f5786e09a74 [0x00007f5786e09960+0x0000000000000114]
j  java.util.concurrent.CopyOnWriteArrayList.resetLock()V+21 java.base@10.0.1
j  java.util.concurrent.CopyOnWriteArrayList.clone()Ljava/lang/Object;+9 java.base@10.0.1
j  com.zaxxer.hikari.util.ConcurrentBag.values()Ljava/util/List;+4
j  com.zaxxer.hikari.pool.HikariPool.softEvictConnections()V+4
j  com.zaxxer.hikari.pool.HikariPool.shutdown()V+76
j  com.zaxxer.hikari.HikariDataSource.close()V+36
v  ~StubRoutines::call_stub
V  [libjvm.so+0x8abc52]  JavaCalls::call_helper(JavaValue*, methodHandle const&, JavaCallArguments*, Thread*)+0x412
V  [libjvm.so+0xca1cf7]  invoke(InstanceKlass*, methodHandle const&, Handle, bool, objArrayHandle, BasicType, objArrayHandle, bool, Thread*)+0x547
V  [libjvm.so+0xca4303]  Reflection::invoke_method(oopDesc*, Handle, objArrayHandle, Thread*)+0x183
V  [libjvm.so+0x95dac6]  JVM_InvokeMethod+0x1b6
J 2629  jdk.internal.reflect.NativeMethodAccessorImpl.invoke0(Ljava/lang/reflect/Method;Ljava/lang/Object;[Ljava/lang/Object;)Ljava/lang/Object; java.base@10.0.1 (0 bytes) @ 0x00007f578670abb0 [0x00007f578670aac0+0x00000000000000f0]
J 2628 c1 jdk.internal.reflect.NativeMethodAccessorImpl.invoke(Ljava/lang/Object;[Ljava/lang/Object;)Ljava/lang/Object; java.base@10.0.1 (104 bytes) @ 0x00007f578670b6fc [0x00007f578670b340+0x00000000000003bc]
J 1712 c1 jdk.internal.reflect.DelegatingMethodAccessorImpl.invoke(Ljava/lang/Object;[Ljava/lang/Object;)Ljava/lang/Object; java.base@10.0.1 (10 bytes) @ 0x00007f5786566f1c [0x00007f5786566ec0+0x000000000000005c]
J 1711 c1 java.lang.reflect.Method.invoke(Ljava/lang/Object;[Ljava/lang/Object;)Ljava/lang/Object; java.base@10.0.1 (65 bytes) @ 0x00007f5786567374 [0x00007f5786567260+0x0000000000000114]
j  org.springframework.beans.factory.support.DisposableBeanAdapter.invokeCustomDestroyMethod(Ljava/lang/reflect/Method;)V+137
j  org.springframework.beans.factory.support.DisposableBeanAdapter.destroy()V+243
J 9890 c1 org.springframework.beans.factory.support.DefaultSingletonBeanRegistry.destroyBean(Ljava/lang/String;Lorg/springframework/beans/factory/DisposableBean;)V (373 bytes) @ 0x00007f5787498dcc [0x00007f57874988a0+0x000000000000052c]
J 9893 c1 org.springframework.beans.factory.support.DefaultSingletonBeanRegistry.destroySingleton(Ljava/lang/String;)V (45 bytes) @ 0x00007f578749cbd4 [0x00007f578749ca00+0x00000000000001d4]
J 9892 c1 org.springframework.beans.factory.support.DefaultListableBeanFactory.destroySingleton(Ljava/lang/String;)V (21 bytes) @ 0x00007f578749ae2c [0x00007f578749ade0+0x000000000000004c]
j  org.springframework.beans.factory.support.DefaultSingletonBeanRegistry.destroySingletons()V+105
j  org.springframework.beans.factory.support.DefaultListableBeanFactory.destroySingletons()V+1
j  org.springframework.context.support.AbstractApplicationContext.destroyBeans()V+4
j  org.springframework.context.support.AbstractApplicationContext.doClose()V+127
j  org.springframework.context.support.AbstractApplicationContext.close()V+8
j  org.springframework.boot.admin.SpringApplicationAdminMXBeanRegistrar$SpringApplicationAdmin.shutdown()V+17
v  ~StubRoutines::call_stub
V  [libjvm.so+0x8abc52]  JavaCalls::call_helper(JavaValue*, methodHandle const&, JavaCallArguments*, Thread*)+0x412
V  [libjvm.so+0xca1cf7]  invoke(InstanceKlass*, methodHandle const&, Handle, bool, objArrayHandle, BasicType, objArrayHandle, bool, Thread*)+0x547
V  [libjvm.so+0xca4303]  Reflection::invoke_method(oopDesc*, Handle, objArrayHandle, Thread*)+0x183
V  [libjvm.so+0x95dac6]  JVM_InvokeMethod+0x1b6
J 2629  jdk.internal.reflect.NativeMethodAccessorImpl.invoke0(Ljava/lang/reflect/Method;Ljava/lang/Object;[Ljava/lang/Object;)Ljava/lang/Object; java.base@10.0.1 (0 bytes) @ 0x00007f578670abb0 [0x00007f578670aac0+0x00000000000000f0]
J 2628 c1 jdk.internal.reflect.NativeMethodAccessorImpl.invoke(Ljava/lang/Object;[Ljava/lang/Object;)Ljava/lang/Object; java.base@10.0.1 (104 bytes) @ 0x00007f578670b6fc [0x00007f578670b340+0x00000000000003bc]
J 1712 c1 jdk.internal.reflect.DelegatingMethodAccessorImpl.invoke(Ljava/lang/Object;[Ljava/lang/Object;)Ljava/lang/Object; java.base@10.0.1 (10 bytes) @ 0x00007f5786566f1c [0x00007f5786566ec0+0x000000000000005c]
J 1711 c1 java.lang.reflect.Method.invoke(Ljava/lang/Object;[Ljava/lang/Object;)Ljava/lang/Object; java.base@10.0.1 (65 bytes) @ 0x00007f5786567374 [0x00007f5786567260+0x0000000000000114]
j  sun.reflect.misc.Trampoline.invoke(Ljava/lang/reflect/Method;Ljava/lang/Object;[Ljava/lang/Object;)Ljava/lang/Object;+7
j  jdk.internal.reflect.GeneratedMethodAccessor106.invoke(Ljava/lang/Object;[Ljava/lang/Object;)Ljava/lang/Object;+40
J 1712 c1 jdk.internal.reflect.DelegatingMethodAccessorImpl.invoke(Ljava/lang/Object;[Ljava/lang/Object;)Ljava/lang/Object; java.base@10.0.1 (10 bytes) @ 0x00007f5786566f1c [0x00007f5786566ec0+0x000000000000005c]
J 1711 c1 java.lang.reflect.Method.invoke(Ljava/lang/Object;[Ljava/lang/Object;)Ljava/lang/Object; java.base@10.0.1 (65 bytes) @ 0x00007f5786567374 [0x00007f5786567260+0x0000000000000114]
j  sun.reflect.misc.MethodUtil.invoke(Ljava/lang/reflect/Method;Ljava/lang/Object;[Ljava/lang/Object;)Ljava/lang/Object;+20 java.base@10.0.1
j  com.sun.jmx.mbeanserver.ConvertingMethod.invokeWithOpenReturn(Ljava/lang/Object;[Ljava/lang/Object;)Ljava/lang/Object;+42 java.management@10.0.1
j  com.sun.jmx.mbeanserver.ConvertingMethod.invokeWithOpenReturn(Lcom/sun/jmx/mbeanserver/MXBeanLookup;Ljava/lang/Object;[Ljava/lang/Object;)Ljava/lang/Object;+12 java.management@10.0.1
j  com.sun.jmx.mbeanserver.MXBeanIntrospector.invokeM2(Lcom/sun/jmx/mbeanserver/ConvertingMethod;Ljava/lang/Object;[Ljava/lang/Object;Ljava/lang/Object;)Ljava/lang/Object;+8 java.management@10.0.1
j  com.sun.jmx.mbeanserver.MXBeanIntrospector.invokeM2(Ljava/lang/Object;Ljava/lang/Object;[Ljava/lang/Object;Ljava/lang/Object;)Ljava/lang/Object;+9 java.management@10.0.1
j  com.sun.jmx.mbeanserver.MBeanIntrospector.invokeM(Ljava/lang/Object;Ljava/lang/Object;[Ljava/lang/Object;Ljava/lang/Object;)Ljava/lang/Object;+6 java.management@10.0.1
j  com.sun.jmx.mbeanserver.PerInterface.invoke(Ljava/lang/Object;Ljava/lang/String;[Ljava/lang/Object;[Ljava/lang/String;Ljava/lang/Object;)Ljava/lang/Object;+202 java.management@10.0.1
j  com.sun.jmx.mbeanserver.MBeanSupport.invoke(Ljava/lang/String;[Ljava/lang/Object;[Ljava/lang/String;)Ljava/lang/Object;+15 java.management@10.0.1
j  com.sun.jmx.interceptor.DefaultMBeanServerInterceptor.invoke(Ljavax/management/ObjectName;Ljava/lang/String;[Ljava/lang/Object;[Ljava/lang/String;)Ljava/lang/Object;+28 java.management@10.0.1
j  com.sun.jmx.mbeanserver.JmxMBeanServer.invoke(Ljavax/management/ObjectName;Ljava/lang/String;[Ljava/lang/Object;[Ljava/lang/String;)Ljava/lang/Object;+13 java.management@10.0.1
j  javax.management.remote.rmi.RMIConnectionImpl.doOperation(I[Ljava/lang/Object;)Ljava/lang/Object;+370 java.management.rmi@10.0.1
j  javax.management.remote.rmi.RMIConnectionImpl.access$300(Ljavax/management/remote/rmi/RMIConnectionImpl;I[Ljava/lang/Object;)Ljava/lang/Object;+3 java.management.rmi@10.0.1
j  javax.management.remote.rmi.RMIConnectionImpl$PrivilegedOperation.run()Ljava/lang/Object;+12 java.management.rmi@10.0.1
j  javax.management.remote.rmi.RMIConnectionImpl.doPrivilegedOperation(I[Ljava/lang/Object;Ljavax/security/auth/Subject;)Ljava/lang/Object;+79 java.management.rmi@10.0.1
j  javax.management.remote.rmi.RMIConnectionImpl.invoke(Ljavax/management/ObjectName;Ljava/lang/String;Ljava/rmi/MarshalledObject;[Ljava/lang/String;Ljavax/security/auth/Subject;)Ljava/lang/Object;+131 java.management.rmi@10.0.1
j  jdk.internal.reflect.GeneratedMethodAccessor109.invoke(Ljava/lang/Object;[Ljava/lang/Object;)Ljava/lang/Object;+72 java.base@10.0.1
J 1712 c1 jdk.internal.reflect.DelegatingMethodAccessorImpl.invoke(Ljava/lang/Object;[Ljava/lang/Object;)Ljava/lang/Object; java.base@10.0.1 (10 bytes) @ 0x00007f5786566f1c [0x00007f5786566ec0+0x000000000000005c]
J 1711 c1 java.lang.reflect.Method.invoke(Ljava/lang/Object;[Ljava/lang/Object;)Ljava/lang/Object; java.base@10.0.1 (65 bytes) @ 0x00007f5786567374 [0x00007f5786567260+0x0000000000000114]
j  sun.rmi.server.UnicastServerRef.dispatch(Ljava/rmi/Remote;Ljava/rmi/server/RemoteCall;)V+264 java.rmi@10.0.1
j  sun.rmi.transport.Transport$1.run()Ljava/lang/Void;+23 java.rmi@10.0.1
j  sun.rmi.transport.Transport$1.run()Ljava/lang/Object;+1 java.rmi@10.0.1
v  ~StubRoutines::call_stub
V  [libjvm.so+0x8abc52]  JavaCalls::call_helper(JavaValue*, methodHandle const&, JavaCallArguments*, Thread*)+0x412
V  [libjvm.so+0x961038]  JVM_DoPrivileged+0x558
J 395  java.security.AccessController.doPrivileged(Ljava/security/PrivilegedExceptionAction;Ljava/security/AccessControlContext;)Ljava/lang/Object; java.base@10.0.1 (0 bytes) @ 0x00007f5786360298 [0x00007f57863601c0+0x00000000000000d8]
j  sun.rmi.transport.Transport.serviceCall(Ljava/rmi/server/RemoteCall;)Z+157 java.rmi@10.0.1
j  sun.rmi.transport.tcp.TCPTransport.handleMessages(Lsun/rmi/transport/Connection;Z)V+145 java.rmi@10.0.1
j  sun.rmi.transport.tcp.TCPTransport$ConnectionHandler.run0()V+490 java.rmi@10.0.1
j  sun.rmi.transport.tcp.TCPTransport$ConnectionHandler.lambda$run$0()Ljava/lang/Void;+1 java.rmi@10.0.1
j  sun.rmi.transport.tcp.TCPTransport$ConnectionHandler$$Lambda$182.run()Ljava/lang/Object;+4 java.rmi@10.0.1
v  ~StubRoutines::call_stub
V  [libjvm.so+0x8abc52]  JavaCalls::call_helper(JavaValue*, methodHandle const&, JavaCallArguments*, Thread*)+0x412
V  [libjvm.so+0x961038]  JVM_DoPrivileged+0x558
j  java.security.AccessController.doPrivileged(Ljava/security/PrivilegedAction;Ljava/security/AccessControlContext;)Ljava/lang/Object;+0 java.base@10.0.1
j  sun.rmi.transport.tcp.TCPTransport$ConnectionHandler.run()V+37 java.rmi@10.0.1
j  java.util.concurrent.ThreadPoolExecutor.runWorker(Ljava/util/concurrent/ThreadPoolExecutor$Worker;)V+92 java.base@10.0.1
j  java.util.concurrent.ThreadPoolExecutor$Worker.run()V+5 java.base@10.0.1
j  java.lang.Thread.run()V+11 java.base@10.0.1
v  ~StubRoutines::call_stub
V  [libjvm.so+0x8abc52]  JavaCalls::call_helper(JavaValue*, methodHandle const&, JavaCallArguments*, Thread*)+0x412
V  [libjvm.so+0x8aa170]  JavaCalls::call_virtual(JavaValue*, Handle, Klass*, Symbol*, Symbol*, Thread*)+0x1d0
V  [libjvm.so+0x95248a]  thread_entry(JavaThread*, Thread*)+0x8a
V  [libjvm.so+0xd940e8]  JavaThread::thread_main_inner()+0x108
V  [libjvm.so+0xd9426e]  JavaThread::run()+0x13e
V  [libjvm.so+0xc05342]  thread_native_entry(Thread*)+0xf2
C  [libpthread.so.0+0x76db]